# JRE version: Java(TM) SE Runtime Environment (8.0_25-b18) (build 1.8.0_25-b18)
# Java VM: Java HotSpot(TM) 64-Bit Server VM (25.25-b02 mixed mode windows-amd64 compressed oops)
Heap:
 PSYoungGen      total 47104K, used 5255K [0x00000000eb400000, 0x00000000ee380000, 0x0000000100000000)
  eden space 46080K, 11% used [0x00000000eb400000,0x00000000eb909c60,0x00000000ee100000)
  from space 1024K, 9% used [0x00000000ee100000,0x00000000ee118000,0x00000000ee200000)
  to   space 1024K, 0% used [0x00000000ee280000,0x00000000ee280000,0x00000000ee380000)
 ParOldGen       total 211456K, used 62491K [0x00000000c1c00000, 0x00000000cea80000, 0x00000000eb400000)
  object space 211456K, 29% used [0x00000000c1c00000,0x00000000c5906eb0,0x00000000cea80000)
 Metaspace       used 19103K, capacity 19302K, committed 19712K, reserved 1067008K
  class space    used 2876K, capacity 2963K, committed 3072K, reserved 1048576K
GC Heap History (10 events):
Event: 29659.877 GC heap before
{Heap before GC invocations=144 (full 5):
 PSYoungGen      total 46592K, used 45184K [0x00000000eb400000, 0x00000000ee300000, 0x0000000100000000)
  eden space 45056K, 100% used [0x00000000eb400000,0x00000000ee000000,0x00000000ee000000)
  from space 1536K, 8% used [0x00000000ee180000,0x00000000ee1a0000,0x00000000ee300000)
  to   space 1536K, 0% used [0x00000000ee000000,0x00000000ee000000,0x00000000ee180000)
 ParOldGen       total 211456K, used 62483K [0x00000000c1c00000, 0x00000000cea80000, 0x00000000eb400000)
  object space 211456K, 29% used [0x00000000c1c00000,0x00000000c5904eb0,0x00000000cea80000)
 Metaspace       used 19103K, capacity 19302K, committed 19712K, reserved 1067008K
  class space    used 2876K, capacity 2963K, committed 3072K, reserved 1048576K
Event: 29659.879 GC heap after
Heap after GC invocations=144 (full 5):
 PSYoungGen      total 46592K, used 128K [0x00000000eb400000, 0x00000000ee380000, 0x0000000100000000)
  eden space 45056K, 0% used [0x00000000eb400000,0x00000000eb400000,0x00000000ee000000)
  from space 1536K, 8% used [0x00000000ee000000,0x00000000ee020000,0x00000000ee180000)
  to   space 1536K, 0% used [0x00000000ee200000,0x00000000ee200000,0x00000000ee380000)
 ParOldGen       total 211456K, used 62483K [0x00000000c1c00000, 0x00000000cea80000, 0x00000000eb400000)
  object space 211456K, 29% used [0x00000000c1c00000,0x00000000c5904eb0,0x00000000cea80000)
 Metaspace       used 19103K, capacity 19302K, committed 19712K, reserved 1067008K
  class space    used 2876K, capacity 2963K, committed 3072K, reserved 1048576K
}
Event: 29684.843 GC heap before
{Heap before GC invocations=145 (full 5):
 PSYoungGen      total 46592K, used 45184K [0x00000000eb400000, 0x00000000ee380000, 0x0000000100000000)
  eden space 45056K, 100% used [0x00000000eb400000,0x00000000ee000000,0x00000000ee000000)
  from space 1536K, 8% used [0x00000000ee000000,0x00000000ee020000,0x00000000ee180000)
  to   space 1536K, 0% used [0x00000000ee200000,0x00000000ee200000,0x00000000ee380000)
 ParOldGen       total 211456K, used 62483K [0x00000000c1c00000, 0x00000000cea80000, 0x00000000eb400000)
  object space 211456K, 29% used [0x00000000c1c00000,0x00000000c5904eb0,0x00000000cea80000)
 Metaspace       used 19103K, capacity 19302K, committed 19712K, reserved 1067008K
  class space    used 2876K, capacity 2963K, committed 3072K, reserved 1048576K
Event: 29684.845 GC heap after
Heap after GC invocations=145 (full 5):
 PSYoungGen      total 46080K, used 128K [0x00000000eb400000, 0x00000000ee280000, 0x0000000100000000)
  eden space 45568K, 0% used [0x00000000eb400000,0x00000000eb400000,0x00000000ee080000)
  from space 512K, 25% used [0x00000000ee200000,0x00000000ee220000,0x00000000ee280000)
  to   space 1024K, 0% used [0x00000000ee080000,0x00000000ee080000,0x00000000ee180000)
 ParOldGen       total 211456K, used 62491K [0x00000000c1c00000, 0x00000000cea80000, 0x00000000eb400000)
  object space 211456K, 29% used [0x00000000c1c00000,0x00000000c5906eb0,0x00000000cea80000)
 Metaspace       used 19103K, capacity 19302K, committed 19712K, reserved 1067008K
  class space    used 2876K, capacity 2963K, committed 3072K, reserved 1048576K
}
Event: 29709.827 GC heap before
{Heap before GC invocations=146 (full 5):
 PSYoungGen      total 46080K, used 45696K [0x00000000eb400000, 0x00000000ee280000, 0x0000000100000000)
  eden space 45568K, 100% used [0x00000000eb400000,0x00000000ee080000,0x00000000ee080000)
  from space 512K, 25% used [0x00000000ee200000,0x00000000ee220000,0x00000000ee280000)
  to   space 1024K, 0% used [0x00000000ee080000,0x00000000ee080000,0x00000000ee180000)
 ParOldGen       total 211456K, used 62491K [0x00000000c1c00000, 0x00000000cea80000, 0x00000000eb400000)
  object space 211456K, 29% used [0x00000000c1c00000,0x00000000c5906eb0,0x00000000cea80000)
 Metaspace       used 19103K, capacity 19302K, committed 19712K, reserved 1067008K
  class space    used 2876K, capacity 2963K, committed 3072K, reserved 1048576K
Event: 29709.830 GC heap after
Heap after GC invocations=146 (full 5):
 PSYoungGen      total 46592K, used 96K [0x00000000eb400000, 0x00000000ee300000, 0x0000000100000000)
  eden space 45568K, 0% used [0x00000000eb400000,0x00000000eb400000,0x00000000ee080000)
  from space 1024K, 9% used [0x00000000ee080000,0x00000000ee098000,0x00000000ee180000)
  to   space 1024K, 0% used [0x00000000ee200000,0x00000000ee200000,0x00000000ee300000)
 ParOldGen       total 211456K, used 62491K [0x00000000c1c00000, 0x00000000cea80000, 0x00000000eb400000)
  object space 211456K, 29% used [0x00000000c1c00000,0x00000000c5906eb0,0x00000000cea80000)
 Metaspace       used 19103K, capacity 19302K, committed 19712K, reserved 1067008K
  class space    used 2876K, capacity 2963K, committed 3072K, reserved 1048576K
}
Event: 29734.623 GC heap before
{Heap before GC invocations=147 (full 5):
 PSYoungGen      total 46592K, used 45664K [0x00000000eb400000, 0x00000000ee300000, 0x0000000100000000)
  eden space 45568K, 100% used [0x00000000eb400000,0x00000000ee080000,0x00000000ee080000)
  from space 1024K, 9% used [0x00000000ee080000,0x00000000ee098000,0x00000000ee180000)
  to   space 1024K, 0% used [0x00000000ee200000,0x00000000ee200000,0x00000000ee300000)
 ParOldGen       total 211456K, used 62491K [0x00000000c1c00000, 0x00000000cea80000, 0x00000000eb400000)
  object space 211456K, 29% used [0x00000000c1c00000,0x00000000c5906eb0,0x00000000cea80000)
 Metaspace       used 19103K, capacity 19302K, committed 19712K, reserved 1067008K
  class space    used 2876K, capacity 2963K, committed 3072K, reserved 1048576K
Event: 29734.626 GC heap after
Heap after GC invocations=147 (full 5):
 PSYoungGen      total 47104K, used 128K [0x00000000eb400000, 0x00000000ee300000, 0x0000000100000000)
  eden space 46080K, 0% used [0x00000000eb400000,0x00000000eb400000,0x00000000ee100000)
  from space 1024K, 12% used [0x00000000ee200000,0x00000000ee220000,0x00000000ee300000)
  to   space 1024K, 0% used [0x00000000ee100000,0x00000000ee100000,0x00000000ee200000)
 ParOldGen       total 211456K, used 62491K [0x00000000c1c00000, 0x00000000cea80000, 0x00000000eb400000)
  object space 211456K, 29% used [0x00000000c1c00000,0x00000000c5906eb0,0x00000000cea80000)
 Metaspace       used 19103K, capacity 19302K, committed 19712K, reserved 1067008K
  class space    used 2876K, capacity 2963K, committed 3072K, reserved 1048576K
}
Event: 29767.297 GC heap before
{Heap before GC invocations=148 (full 5):
 PSYoungGen      total 47104K, used 44475K [0x00000000eb400000, 0x00000000ee300000, 0x0000000100000000)
  eden space 46080K, 96% used [0x00000000eb400000,0x00000000edf4ed90,0x00000000ee100000)
  from space 1024K, 12% used [0x00000000ee200000,0x00000000ee220000,0x00000000ee300000)
  to   space 1024K, 0% used [0x00000000ee100000,0x00000000ee100000,0x00000000ee200000)
 ParOldGen       total 211456K, used 62491K [0x00000000c1c00000, 0x00000000cea80000, 0x00000000eb400000)
  object space 211456K, 29% used [0x00000000c1c00000,0x00000000c5906eb0,0x00000000cea80000)
 Metaspace       used 19103K, capacity 19302K, committed 19712K, reserved 1067008K
  class space    used 2876K, capacity 2963K, committed 3072K, reserved 1048576K
Event: 29767.300 GC heap after
Heap after GC invocations=148 (full 5):
 PSYoungGen      total 47104K, used 96K [0x00000000eb400000, 0x00000000ee380000, 0x0000000100000000)
  eden space 46080K, 0% used [0x00000000eb400000,0x00000000eb400000,0x00000000ee100000)
  from space 1024K, 9% used [0x00000000ee100000,0x00000000ee118000,0x00000000ee200000)
  to   space 1024K, 0% used [0x00000000ee280000,0x00000000ee280000,0x00000000ee380000)
 ParOldGen       total 211456K, used 62491K [0x00000000c1c00000, 0x00000000cea80000, 0x00000000eb400000)
  object space 211456K, 29% used [0x00000000c1c00000,0x00000000c5906eb0,0x00000000cea80000)
 Metaspace       used 19103K, capacity 19302K, committed 19712K, reserved 1067008K
  class space    used 2876K, capacity 2963K, committed 3072K, reserved 1048576K
}

